Using pre-set license
Built from '2020.3/staging' branch; Version is '2020.3.18f1 (a7d1c678663c) revision 10998214'; Using compiler version '192528614'; Build Type 'Release'
OS: 'Windows 10 Pro N; OS build 19042.1237; Version 2009; 64bit' Language: 'en' Physical Memory: 16315 MB
BatchMode: 1, IsHumanControllingUs: 0, StartBugReporterOnCrash: 0, Is64bit: 1, IsPro: 0

COMMAND LINE ARGUMENTS:
D:\Unity\Unity Editor\2020.3.18f1\Editor\Unity.exe
-adb2
-batchMode
-noUpm
-name
AssetImportWorker0
-projectPath
D:/Unity_Games/Voxel
-logFile
Logs/AssetImportWorker0.log
-srvPort
60922
Successfully changed project path to: D:/Unity_Games/Voxel
D:/Unity_Games/Voxel
Using Asset Import Pipeline V2.
Refreshing native plugins compatible for Editor in 27.33 ms, found 2 plugins.
Preloading 0 native plugins for Editor in 0.00 ms.
Initialize engine version: 2020.3.18f1 (a7d1c678663c)
[Subsystems] Discovering subsystems at path D:/Unity/Unity Editor/2020.3.18f1/Editor/Data/Resources/UnitySubsystems
[Subsystems] Discovering subsystems at path D:/Unity_Games/Voxel/Assets
GfxDevice: creating device client; threaded=0
Direct3D:
    Version:  Direct3D 11.0 [level 11.1]
    Renderer: NVIDIA GeForce GTX 1050 Ti (ID=0x1c82)
    Vendor:   
    VRAM:     4018 MB
    Driver:   27.21.14.5671
Initialize mono
Mono path[0] = 'D:/Unity/Unity Editor/2020.3.18f1/Editor/Data/Managed'
Mono path[1] = 'D:/Unity/Unity Editor/2020.3.18f1/Editor/Data/MonoBleedingEdge/lib/mono/unityjit'
Mono config path = 'D:/Unity/Unity Editor/2020.3.18f1/Editor/Data/MonoBleedingEdge/etc'
Using monoOptions --debugger-agent=transport=dt_socket,embedding=1,server=y,suspend=n,address=127.0.0.1:56352
Begin MonoManager ReloadAssembly
Registering precompiled unity dll's ...
Register platform support module: D:/Unity/Unity Editor/2020.3.18f1/Editor/Data/PlaybackEngines/WebGLSupport/UnityEditor.WebGL.Extensions.dll
Register platform support module: D:/Unity/Unity Editor/2020.3.18f1/Editor/Data/PlaybackEngines/WindowsStandaloneSupport/UnityEditor.WindowsStandalone.Extensions.dll
Registered in 0.001117 seconds.
Native extension for WindowsStandalone target not found
Native extension for WebGL target not found
Refreshing native plugins compatible for Editor in 28.18 ms, found 2 plugins.
Preloading 0 native plugins for Editor in 0.00 ms.
Mono: successfully reloaded assembly
- Completed reload, in  1.365 seconds
Domain Reload Profiling:
	ReloadAssembly (1365ms)
		BeginReloadAssembly (46ms)
			ExecutionOrderSort (0ms)
			DisableScriptedObjects (0ms)
			BackupInstance (0ms)
			ReleaseScriptingObjects (0ms)
			CreateAndSetChildDomain (1ms)
		EndReloadAssembly (383ms)
			LoadAssemblies (45ms)
			RebuildTransferFunctionScriptingTraits (0ms)
			SetupTypeCache (134ms)
			ReleaseScriptCaches (0ms)
			RebuildScriptCaches (30ms)
			SetupLoadedEditorAssemblies (156ms)
				LogAssemblyErrors (0ms)
				InitializePlatformSupportModulesInManaged (4ms)
				SetLoadedEditorAssemblies (0ms)
				RefreshPlugins (28ms)
				BeforeProcessingInitializeOnLoad (16ms)
				ProcessInitializeOnLoadAttributes (80ms)
				ProcessInitializeOnLoadMethodAttributes (28ms)
				AfterProcessingInitializeOnLoad (0ms)
				EditorAssembliesLoaded (0ms)
			ExecutionOrderSort2 (0ms)
			AwakeInstancesAfterBackupRestoration (0ms)
Platform modules already initialized, skipping
Registering precompiled user dll's ...
Registered in 0.002541 seconds.
Begin MonoManager ReloadAssembly
Native extension for WindowsStandalone target not found
Native extension for WebGL target not found
Refreshing native plugins compatible for Editor in 0.36 ms, found 2 plugins.
Preloading 0 native plugins for Editor in 0.00 ms.
Mono: successfully reloaded assembly
- Completed reload, in  0.915 seconds
Domain Reload Profiling:
	ReloadAssembly (916ms)
		BeginReloadAssembly (131ms)
			ExecutionOrderSort (0ms)
			DisableScriptedObjects (4ms)
			BackupInstance (0ms)
			ReleaseScriptingObjects (0ms)
			CreateAndSetChildDomain (18ms)
		EndReloadAssembly (732ms)
			LoadAssemblies (72ms)
			RebuildTransferFunctionScriptingTraits (0ms)
			SetupTypeCache (238ms)
			ReleaseScriptCaches (0ms)
			RebuildScriptCaches (40ms)
			SetupLoadedEditorAssemblies (301ms)
				LogAssemblyErrors (0ms)
				InitializePlatformSupportModulesInManaged (6ms)
				SetLoadedEditorAssemblies (0ms)
				RefreshPlugins (0ms)
				BeforeProcessingInitializeOnLoad (67ms)
				ProcessInitializeOnLoadAttributes (221ms)
				ProcessInitializeOnLoadMethodAttributes (3ms)
				AfterProcessingInitializeOnLoad (2ms)
				EditorAssembliesLoaded (0ms)
			ExecutionOrderSort2 (0ms)
			AwakeInstancesAfterBackupRestoration (6ms)
Platform modules already initialized, skipping
========================================================================
Worker process is ready to serve import requests
Launched and connected shader compiler UnityShaderCompiler.exe after 0.05 seconds
Refreshing native plugins compatible for Editor in 0.37 ms, found 2 plugins.
Preloading 0 native plugins for Editor in 0.00 ms.
Unloading 1399 Unused Serialized files (Serialized files now loaded: 0)
System memory in use before: 78.0 MB.
System memory in use after: 78.1 MB.

Unloading 16 unused Assets to reduce memory usage. Loaded Objects now: 1849.
Total: 2.898200 ms (FindLiveObjects: 0.193800 ms CreateObjectMapping: 0.034300 ms MarkObjects: 2.638800 ms  DeleteObjects: 0.029500 ms)

AssetImportParameters requested are different than current active one (requested -> active):
  custom:framework-win-MediaFoundation: 216162199b28c13a410421893ffa2e32 -> 
  custom:video-decoder-ogg-theora: a1e56fd34408186e4bbccfd4996cb3dc -> 
  custom:container-muxer-webm: aa71ff27fc2769a1b78a27578f13a17b -> 
  custom:container-demuxer-webm: 4f35f7cbe854078d1ac9338744f61a02 -> 
  custom:container-demuxer-ogg: 62fdf1f143b41e24485cea50d1cbac27 -> 
  custom:video-encoder-webm-vp8: eb34c28f22e8b96e1ab97ce403110664 -> 
  custom:video-codec-MediaFoundation-h265: 746d11721c4dcdbdad8f713fa42b33f4 -> 
  custom:video-decoder-webm-vp8: 9c59270c3fd7afecdb556c50c9e8de78 -> 
  custom:audio-decoder-ogg-vorbis: bf7c407c2cedff20999df2af8eb42d56 -> 
  custom:audio-encoder-webm-vorbis: bf7c407c2cedff20999df2af8eb42d56 -> 
========================================================================
Received Prepare
Registering precompiled user dll's ...
Registered in 0.001628 seconds.
Begin MonoManager ReloadAssembly
Native extension for WindowsStandalone target not found
Native extension for WebGL target not found
Refreshing native plugins compatible for Editor in 0.35 ms, found 2 plugins.
Preloading 0 native plugins for Editor in 0.00 ms.
Mono: successfully reloaded assembly
- Completed reload, in  0.893 seconds
Domain Reload Profiling:
	ReloadAssembly (894ms)
		BeginReloadAssembly (123ms)
			ExecutionOrderSort (0ms)
			DisableScriptedObjects (4ms)
			BackupInstance (0ms)
			ReleaseScriptingObjects (0ms)
			CreateAndSetChildDomain (47ms)
		EndReloadAssembly (703ms)
			LoadAssemblies (87ms)
			RebuildTransferFunctionScriptingTraits (0ms)
			SetupTypeCache (244ms)
			ReleaseScriptCaches (1ms)
			RebuildScriptCaches (35ms)
			SetupLoadedEditorAssemblies (256ms)
				LogAssemblyErrors (0ms)
				InitializePlatformSupportModulesInManaged (5ms)
				SetLoadedEditorAssemblies (0ms)
				RefreshPlugins (0ms)
				BeforeProcessingInitializeOnLoad (61ms)
				ProcessInitializeOnLoadAttributes (183ms)
				ProcessInitializeOnLoadMethodAttributes (3ms)
				AfterProcessingInitializeOnLoad (2ms)
				EditorAssembliesLoaded (0ms)
			ExecutionOrderSort2 (0ms)
			AwakeInstancesAfterBackupRestoration (6ms)
Platform modules already initialized, skipping
Refreshing native plugins compatible for Editor in 0.40 ms, found 2 plugins.
Preloading 0 native plugins for Editor in 0.00 ms.
Unloading 1392 Unused Serialized files (Serialized files now loaded: 0)
System memory in use before: 77.8 MB.
System memory in use after: 77.9 MB.

Unloading 11 unused Assets to reduce memory usage. Loaded Objects now: 1851.
Total: 2.759300 ms (FindLiveObjects: 0.179100 ms CreateObjectMapping: 0.032200 ms MarkObjects: 2.525300 ms  DeleteObjects: 0.021600 ms)

AssetImportParameters requested are different than current active one (requested -> active):
  custom:framework-win-MediaFoundation: 216162199b28c13a410421893ffa2e32 -> 
  custom:video-decoder-ogg-theora: a1e56fd34408186e4bbccfd4996cb3dc -> 
  custom:container-muxer-webm: aa71ff27fc2769a1b78a27578f13a17b -> 
  custom:container-demuxer-webm: 4f35f7cbe854078d1ac9338744f61a02 -> 
  custom:container-demuxer-ogg: 62fdf1f143b41e24485cea50d1cbac27 -> 
  custom:video-encoder-webm-vp8: eb34c28f22e8b96e1ab97ce403110664 -> 
  custom:video-codec-MediaFoundation-h265: 746d11721c4dcdbdad8f713fa42b33f4 -> 
  custom:video-decoder-webm-vp8: 9c59270c3fd7afecdb556c50c9e8de78 -> 
  custom:audio-decoder-ogg-vorbis: bf7c407c2cedff20999df2af8eb42d56 -> 
  custom:audio-encoder-webm-vorbis: bf7c407c2cedff20999df2af8eb42d56 -> 
========================================================================
Received Import Request.
  path: Assets/Scripts/MeshUtility.cs
  artifactKey: Guid(fd59baee727c0114d875eb4637cbeb19) Importer(815301076,1909f56bfc062723c751e8b465ee728b)
Start importing Assets/Scripts/MeshUtility.cs using Guid(fd59baee727c0114d875eb4637cbeb19) Importer(815301076,1909f56bfc062723c751e8b465ee728b)  -> (artifact id: '85405b568371c9d2ddeef3a62b585dfd') in 0.053418 seconds 
  Import took 0.056140 seconds .

========================================================================
Received Prepare
Registering precompiled user dll's ...
Registered in 0.001842 seconds.
Begin MonoManager ReloadAssembly
Native extension for WindowsStandalone target not found
Native extension for WebGL target not found
Refreshing native plugins compatible for Editor in 0.35 ms, found 2 plugins.
Preloading 0 native plugins for Editor in 0.00 ms.
Mono: successfully reloaded assembly
- Completed reload, in  0.836 seconds
Domain Reload Profiling:
	ReloadAssembly (836ms)
		BeginReloadAssembly (104ms)
			ExecutionOrderSort (0ms)
			DisableScriptedObjects (4ms)
			BackupInstance (0ms)
			ReleaseScriptingObjects (0ms)
			CreateAndSetChildDomain (31ms)
		EndReloadAssembly (678ms)
			LoadAssemblies (70ms)
			RebuildTransferFunctionScriptingTraits (0ms)
			SetupTypeCache (233ms)
			ReleaseScriptCaches (1ms)
			RebuildScriptCaches (34ms)
			SetupLoadedEditorAssemblies (257ms)
				LogAssemblyErrors (0ms)
				InitializePlatformSupportModulesInManaged (5ms)
				SetLoadedEditorAssemblies (0ms)
				RefreshPlugins (0ms)
				BeforeProcessingInitializeOnLoad (61ms)
				ProcessInitializeOnLoadAttributes (184ms)
				ProcessInitializeOnLoadMethodAttributes (3ms)
				AfterProcessingInitializeOnLoad (2ms)
				EditorAssembliesLoaded (0ms)
			ExecutionOrderSort2 (0ms)
			AwakeInstancesAfterBackupRestoration (6ms)
Platform modules already initialized, skipping
Refreshing native plugins compatible for Editor in 0.35 ms, found 2 plugins.
Preloading 0 native plugins for Editor in 0.00 ms.
Unloading 1393 Unused Serialized files (Serialized files now loaded: 0)
System memory in use before: 77.9 MB.
System memory in use after: 78.0 MB.

Unloading 11 unused Assets to reduce memory usage. Loaded Objects now: 1854.
Total: 3.029200 ms (FindLiveObjects: 0.200700 ms CreateObjectMapping: 0.033600 ms MarkObjects: 2.770800 ms  DeleteObjects: 0.022200 ms)

AssetImportParameters requested are different than current active one (requested -> active):
  custom:framework-win-MediaFoundation: 216162199b28c13a410421893ffa2e32 -> 
  custom:video-decoder-ogg-theora: a1e56fd34408186e4bbccfd4996cb3dc -> 
  custom:container-muxer-webm: aa71ff27fc2769a1b78a27578f13a17b -> 
  custom:container-demuxer-webm: 4f35f7cbe854078d1ac9338744f61a02 -> 
  custom:container-demuxer-ogg: 62fdf1f143b41e24485cea50d1cbac27 -> 
  custom:video-encoder-webm-vp8: eb34c28f22e8b96e1ab97ce403110664 -> 
  custom:video-codec-MediaFoundation-h265: 746d11721c4dcdbdad8f713fa42b33f4 -> 
  custom:video-decoder-webm-vp8: 9c59270c3fd7afecdb556c50c9e8de78 -> 
  custom:audio-decoder-ogg-vorbis: bf7c407c2cedff20999df2af8eb42d56 -> 
  custom:audio-encoder-webm-vorbis: bf7c407c2cedff20999df2af8eb42d56 -> 
========================================================================
Received Import Request.
  Time since last request: 147.000799 seconds.
  path: Assets/Scripts/MeshUtility.cs
  artifactKey: Guid(fd59baee727c0114d875eb4637cbeb19) Importer(815301076,1909f56bfc062723c751e8b465ee728b)
Start importing Assets/Scripts/MeshUtility.cs using Guid(fd59baee727c0114d875eb4637cbeb19) Importer(815301076,1909f56bfc062723c751e8b465ee728b)  -> (artifact id: 'dba4eaac58cc637f0f66f3272b913c62') in 0.005205 seconds 
  Import took 0.008009 seconds .

========================================================================
Received Import Request.
  Time since last request: 4.650634 seconds.
  path: Assets/Scripts/MeshUtility.cs
  artifactKey: Guid(fd59baee727c0114d875eb4637cbeb19) Importer(815301076,1909f56bfc062723c751e8b465ee728b)
Start importing Assets/Scripts/MeshUtility.cs using Guid(fd59baee727c0114d875eb4637cbeb19) Importer(815301076,1909f56bfc062723c751e8b465ee728b)  -> (artifact id: 'f5e22ababba3327fee041562d22440b0') in 0.003614 seconds 
  Import took 0.007002 seconds .

========================================================================
Received Import Request.
  Time since last request: 80.893025 seconds.
  path: Assets/Scripts/MeshUtility.cs
  artifactKey: Guid(fd59baee727c0114d875eb4637cbeb19) Importer(815301076,1909f56bfc062723c751e8b465ee728b)
Start importing Assets/Scripts/MeshUtility.cs using Guid(fd59baee727c0114d875eb4637cbeb19) Importer(815301076,1909f56bfc062723c751e8b465ee728b)  -> (artifact id: '2cbe17cdc7c02ffd9ed3de97884a0951') in 0.002572 seconds 
  Import took 0.005165 seconds .

========================================================================
Received Import Request.
  Time since last request: 4.545959 seconds.
  path: Assets/Scripts/MeshUtility.cs
  artifactKey: Guid(fd59baee727c0114d875eb4637cbeb19) Importer(815301076,1909f56bfc062723c751e8b465ee728b)
Start importing Assets/Scripts/MeshUtility.cs using Guid(fd59baee727c0114d875eb4637cbeb19) Importer(815301076,1909f56bfc062723c751e8b465ee728b)  -> (artifact id: '184cf205616baff25f7ea0654d47e4ca') in 0.004270 seconds 
  Import took 0.006790 seconds .

========================================================================
Received Import Request.
  Time since last request: 58.092448 seconds.
  path: Assets/Scripts/MeshUtility.cs
  artifactKey: Guid(fd59baee727c0114d875eb4637cbeb19) Importer(815301076,1909f56bfc062723c751e8b465ee728b)
Start importing Assets/Scripts/MeshUtility.cs using Guid(fd59baee727c0114d875eb4637cbeb19) Importer(815301076,1909f56bfc062723c751e8b465ee728b)  -> (artifact id: '53cad534262cd33f8654302cdc38a95c') in 0.002719 seconds 
  Import took 0.005146 seconds .

========================================================================
Received Import Request.
  Time since last request: 11.027238 seconds.
  path: Assets/Scripts/MeshUtility.cs
  artifactKey: Guid(fd59baee727c0114d875eb4637cbeb19) Importer(815301076,1909f56bfc062723c751e8b465ee728b)
Start importing Assets/Scripts/MeshUtility.cs using Guid(fd59baee727c0114d875eb4637cbeb19) Importer(815301076,1909f56bfc062723c751e8b465ee728b)  -> (artifact id: '25b0369079f2dacc1f1f5158059fce01') in 0.002859 seconds 
  Import took 0.005483 seconds .

========================================================================
Received Import Request.
  Time since last request: 6.366536 seconds.
  path: Assets/Scripts/MeshUtility.cs
  artifactKey: Guid(fd59baee727c0114d875eb4637cbeb19) Importer(815301076,1909f56bfc062723c751e8b465ee728b)
Start importing Assets/Scripts/MeshUtility.cs using Guid(fd59baee727c0114d875eb4637cbeb19) Importer(815301076,1909f56bfc062723c751e8b465ee728b)  -> (artifact id: 'decd295874aee80d276125a954c72622') in 0.002698 seconds 
  Import took 0.005077 seconds .

========================================================================
Received Import Request.
  Time since last request: 4.487971 seconds.
  path: Assets/Scripts/MeshUtility.cs
  artifactKey: Guid(fd59baee727c0114d875eb4637cbeb19) Importer(815301076,1909f56bfc062723c751e8b465ee728b)
Start importing Assets/Scripts/MeshUtility.cs using Guid(fd59baee727c0114d875eb4637cbeb19) Importer(815301076,1909f56bfc062723c751e8b465ee728b)  -> (artifact id: 'c889f9356dd2b478cd4fed4ba6b18a7f') in 0.002751 seconds 
  Import took 0.005142 seconds .

========================================================================
Received Import Request.
  Time since last request: 33.501159 seconds.
  path: Assets/Scripts/MeshUtility.cs
  artifactKey: Guid(fd59baee727c0114d875eb4637cbeb19) Importer(815301076,1909f56bfc062723c751e8b465ee728b)
Start importing Assets/Scripts/MeshUtility.cs using Guid(fd59baee727c0114d875eb4637cbeb19) Importer(815301076,1909f56bfc062723c751e8b465ee728b)  -> (artifact id: '890f9fb47788000e6f2692f41b0e9474') in 0.004810 seconds 
  Import took 0.007618 seconds .

========================================================================
Received Import Request.
  Time since last request: 4.702129 seconds.
  path: Assets/Scripts/MeshUtility.cs
  artifactKey: Guid(fd59baee727c0114d875eb4637cbeb19) Importer(815301076,1909f56bfc062723c751e8b465ee728b)
Start importing Assets/Scripts/MeshUtility.cs using Guid(fd59baee727c0114d875eb4637cbeb19) Importer(815301076,1909f56bfc062723c751e8b465ee728b)  -> (artifact id: 'cc5cec891cf868f452021eaa72a1746d') in 0.004568 seconds 
  Import took 0.007313 seconds .

========================================================================
Received Import Request.
  Time since last request: 2.382161 seconds.
  path: Assets/Scripts/MeshUtility.cs
  artifactKey: Guid(fd59baee727c0114d875eb4637cbeb19) Importer(815301076,1909f56bfc062723c751e8b465ee728b)
Start importing Assets/Scripts/MeshUtility.cs using Guid(fd59baee727c0114d875eb4637cbeb19) Importer(815301076,1909f56bfc062723c751e8b465ee728b)  -> (artifact id: '3afae0356ea37838f0a6a99ee325b41a') in 0.003884 seconds 
  Import took 0.006226 seconds .

========================================================================
Received Import Request.
  Time since last request: 49.261047 seconds.
  path: Assets/Scripts/MeshUtility.cs
  artifactKey: Guid(fd59baee727c0114d875eb4637cbeb19) Importer(815301076,1909f56bfc062723c751e8b465ee728b)
Start importing Assets/Scripts/MeshUtility.cs using Guid(fd59baee727c0114d875eb4637cbeb19) Importer(815301076,1909f56bfc062723c751e8b465ee728b)  -> (artifact id: 'be91499c83bbdf4f1ac4b9ae4f34f87d') in 0.002973 seconds 
  Import took 0.005621 seconds .

========================================================================
Received Import Request.
  Time since last request: 25.878529 seconds.
  path: Assets/Scripts/MeshUtility.cs
  artifactKey: Guid(fd59baee727c0114d875eb4637cbeb19) Importer(815301076,1909f56bfc062723c751e8b465ee728b)
Start importing Assets/Scripts/MeshUtility.cs using Guid(fd59baee727c0114d875eb4637cbeb19) Importer(815301076,1909f56bfc062723c751e8b465ee728b)  -> (artifact id: '835f900014e85a60e0f8536508baab65') in 0.004020 seconds 
  Import took 0.006932 seconds .

========================================================================
Received Import Request.
  Time since last request: 21.075396 seconds.
  path: Assets/Scripts/MeshUtility.cs
  artifactKey: Guid(fd59baee727c0114d875eb4637cbeb19) Importer(815301076,1909f56bfc062723c751e8b465ee728b)
Start importing Assets/Scripts/MeshUtility.cs using Guid(fd59baee727c0114d875eb4637cbeb19) Importer(815301076,1909f56bfc062723c751e8b465ee728b)  -> (artifact id: '6af4f8b9cf27f5143b26482bd0cfebd3') in 0.003803 seconds 
  Import took 0.006193 seconds .

========================================================================
Received Import Request.
  Time since last request: 11.951037 seconds.
  path: Assets/Scripts/MeshUtility.cs
  artifactKey: Guid(fd59baee727c0114d875eb4637cbeb19) Importer(815301076,1909f56bfc062723c751e8b465ee728b)
Start importing Assets/Scripts/MeshUtility.cs using Guid(fd59baee727c0114d875eb4637cbeb19) Importer(815301076,1909f56bfc062723c751e8b465ee728b)  -> (artifact id: '9aa1bf008ca76bf6d9741942fb923179') in 0.004515 seconds 
  Import took 0.007411 seconds .

========================================================================
Received Import Request.
  Time since last request: 4.928921 seconds.
  path: Assets/Scripts/MeshUtility.cs
  artifactKey: Guid(fd59baee727c0114d875eb4637cbeb19) Importer(815301076,1909f56bfc062723c751e8b465ee728b)
Start importing Assets/Scripts/MeshUtility.cs using Guid(fd59baee727c0114d875eb4637cbeb19) Importer(815301076,1909f56bfc062723c751e8b465ee728b)  -> (artifact id: 'e396a2ec5822fe19b2725bb228d30c62') in 0.004901 seconds 
  Import took 0.007583 seconds .

========================================================================
Received Import Request.
  Time since last request: 39.094992 seconds.
  path: Assets/Scripts/MeshUtility.cs
  artifactKey: Guid(fd59baee727c0114d875eb4637cbeb19) Importer(815301076,1909f56bfc062723c751e8b465ee728b)
Start importing Assets/Scripts/MeshUtility.cs using Guid(fd59baee727c0114d875eb4637cbeb19) Importer(815301076,1909f56bfc062723c751e8b465ee728b)  -> (artifact id: '19203aa8413405294d71ce56e992a38e') in 0.005331 seconds 
  Import took 0.008506 seconds .

========================================================================
Received Import Request.
  Time since last request: 28.552982 seconds.
  path: Assets/Scripts/MeshUtility.cs
  artifactKey: Guid(fd59baee727c0114d875eb4637cbeb19) Importer(815301076,1909f56bfc062723c751e8b465ee728b)
Start importing Assets/Scripts/MeshUtility.cs using Guid(fd59baee727c0114d875eb4637cbeb19) Importer(815301076,1909f56bfc062723c751e8b465ee728b)  -> (artifact id: '985df7fb68973477f19b3f95384c54ef') in 0.003250 seconds 
  Import took 0.005941 seconds .

========================================================================
Received Import Request.
  Time since last request: 9.290888 seconds.
  path: Assets/Scripts/MeshUtility.cs
  artifactKey: Guid(fd59baee727c0114d875eb4637cbeb19) Importer(815301076,1909f56bfc062723c751e8b465ee728b)
Start importing Assets/Scripts/MeshUtility.cs using Guid(fd59baee727c0114d875eb4637cbeb19) Importer(815301076,1909f56bfc062723c751e8b465ee728b)  -> (artifact id: '39b9999dd973e1f3abe16eed25e37b4d') in 0.004823 seconds 
  Import took 0.010301 seconds .

========================================================================
Received Import Request.
  Time since last request: 31.737072 seconds.
  path: Assets/Scripts/MeshUtility.cs
  artifactKey: Guid(fd59baee727c0114d875eb4637cbeb19) Importer(815301076,1909f56bfc062723c751e8b465ee728b)
Start importing Assets/Scripts/MeshUtility.cs using Guid(fd59baee727c0114d875eb4637cbeb19) Importer(815301076,1909f56bfc062723c751e8b465ee728b)  -> (artifact id: 'f2167fe6a46b1742e52e4934b4b0155d') in 0.002646 seconds 
  Import took 0.005378 seconds .

========================================================================
Received Import Request.
  Time since last request: 81.521032 seconds.
  path: Assets/Scripts/MeshUtility.cs
  artifactKey: Guid(fd59baee727c0114d875eb4637cbeb19) Importer(815301076,1909f56bfc062723c751e8b465ee728b)
Start importing Assets/Scripts/MeshUtility.cs using Guid(fd59baee727c0114d875eb4637cbeb19) Importer(815301076,1909f56bfc062723c751e8b465ee728b)  -> (artifact id: 'c715c873f46b1a6ae673a49bd1fddb5b') in 0.002515 seconds 
  Import took 0.004917 seconds .

========================================================================
Received Import Request.
  Time since last request: 14.369653 seconds.
  path: Assets/Scripts/MeshUtility.cs
  artifactKey: Guid(fd59baee727c0114d875eb4637cbeb19) Importer(815301076,1909f56bfc062723c751e8b465ee728b)
Start importing Assets/Scripts/MeshUtility.cs using Guid(fd59baee727c0114d875eb4637cbeb19) Importer(815301076,1909f56bfc062723c751e8b465ee728b)  -> (artifact id: 'b8a4284ae7d0714c6ebeaaef2751ea2d') in 0.004404 seconds 
  Import took 0.006810 seconds .

========================================================================
Received Import Request.
  Time since last request: 13.171039 seconds.
  path: Assets/Scripts/MeshUtility.cs
  artifactKey: Guid(fd59baee727c0114d875eb4637cbeb19) Importer(815301076,1909f56bfc062723c751e8b465ee728b)
Start importing Assets/Scripts/MeshUtility.cs using Guid(fd59baee727c0114d875eb4637cbeb19) Importer(815301076,1909f56bfc062723c751e8b465ee728b)  -> (artifact id: '87cec05880760d2ce4d28b267e7d899f') in 0.004104 seconds 
  Import took 0.007130 seconds .

========================================================================
Received Import Request.
  Time since last request: 0.984406 seconds.
  path: Assets/Scripts/MeshUtility.cs
  artifactKey: Guid(fd59baee727c0114d875eb4637cbeb19) Importer(815301076,1909f56bfc062723c751e8b465ee728b)
Start importing Assets/Scripts/MeshUtility.cs using Guid(fd59baee727c0114d875eb4637cbeb19) Importer(815301076,1909f56bfc062723c751e8b465ee728b)  -> (artifact id: '3d6efcb1d608d8f2426efb9acc67ef01') in 0.004259 seconds 
  Import took 0.007023 seconds .

========================================================================
Received Import Request.
  Time since last request: 177.838247 seconds.
  path: Assets/Scripts/MeshUtility.cs
  artifactKey: Guid(fd59baee727c0114d875eb4637cbeb19) Importer(815301076,1909f56bfc062723c751e8b465ee728b)
Start importing Assets/Scripts/MeshUtility.cs using Guid(fd59baee727c0114d875eb4637cbeb19) Importer(815301076,1909f56bfc062723c751e8b465ee728b)  -> (artifact id: 'a94efebd65d03ff0c57af3c2db3e9a4a') in 0.002478 seconds 
  Import took 0.004907 seconds .

========================================================================
Received Import Request.
  Time since last request: 4.737632 seconds.
  path: Assets/Scripts/MeshUtility.cs
  artifactKey: Guid(fd59baee727c0114d875eb4637cbeb19) Importer(815301076,1909f56bfc062723c751e8b465ee728b)
Start importing Assets/Scripts/MeshUtility.cs using Guid(fd59baee727c0114d875eb4637cbeb19) Importer(815301076,1909f56bfc062723c751e8b465ee728b)  -> (artifact id: '2afa09bf88b2ef15479a07670b703eb5') in 0.003089 seconds 
  Import took 0.006566 seconds .

========================================================================
Received Import Request.
  Time since last request: 1.053171 seconds.
  path: Assets/Scripts/MeshUtility.cs
  artifactKey: Guid(fd59baee727c0114d875eb4637cbeb19) Importer(815301076,1909f56bfc062723c751e8b465ee728b)
Start importing Assets/Scripts/MeshUtility.cs using Guid(fd59baee727c0114d875eb4637cbeb19) Importer(815301076,1909f56bfc062723c751e8b465ee728b)  -> (artifact id: 'a81d4bb3f173a8f1bdb5af6be25b2d98') in 0.003763 seconds 
  Import took 0.006093 seconds .

========================================================================
Received Import Request.
  Time since last request: 6.024009 seconds.
  path: Assets/Scripts/MeshUtility.cs
  artifactKey: Guid(fd59baee727c0114d875eb4637cbeb19) Importer(815301076,1909f56bfc062723c751e8b465ee728b)
Start importing Assets/Scripts/MeshUtility.cs using Guid(fd59baee727c0114d875eb4637cbeb19) Importer(815301076,1909f56bfc062723c751e8b465ee728b)  -> (artifact id: 'b9b71f1230ac0e01c28e52b38199bcaa') in 0.003890 seconds 
  Import took 0.006284 seconds .

========================================================================
Received Import Request.
  Time since last request: 2.069356 seconds.
  path: Assets/Scripts/MeshUtility.cs
  artifactKey: Guid(fd59baee727c0114d875eb4637cbeb19) Importer(815301076,1909f56bfc062723c751e8b465ee728b)
Start importing Assets/Scripts/MeshUtility.cs using Guid(fd59baee727c0114d875eb4637cbeb19) Importer(815301076,1909f56bfc062723c751e8b465ee728b)  -> (artifact id: '7a61e856921313e9a1834205b59acf69') in 0.005504 seconds 
  Import took 0.008357 seconds .

========================================================================
Received Import Request.
  Time since last request: 79.630125 seconds.
  path: Assets/Scripts/MeshUtility.cs
  artifactKey: Guid(fd59baee727c0114d875eb4637cbeb19) Importer(815301076,1909f56bfc062723c751e8b465ee728b)
Start importing Assets/Scripts/MeshUtility.cs using Guid(fd59baee727c0114d875eb4637cbeb19) Importer(815301076,1909f56bfc062723c751e8b465ee728b)  -> (artifact id: 'c543af49e7512035bd420714664d2efb') in 0.002654 seconds 
  Import took 0.005220 seconds .

========================================================================
Received Import Request.
  Time since last request: 2.967509 seconds.
  path: Assets/Scripts/MeshUtility.cs
  artifactKey: Guid(fd59baee727c0114d875eb4637cbeb19) Importer(815301076,1909f56bfc062723c751e8b465ee728b)
Start importing Assets/Scripts/MeshUtility.cs using Guid(fd59baee727c0114d875eb4637cbeb19) Importer(815301076,1909f56bfc062723c751e8b465ee728b)  -> (artifact id: '012965310c66649fdc938eaab1c53782') in 0.002581 seconds 
  Import took 0.005680 seconds .

========================================================================
Received Import Request.
  Time since last request: 17.606396 seconds.
  path: Assets/Scripts/MeshUtility.cs
  artifactKey: Guid(fd59baee727c0114d875eb4637cbeb19) Importer(815301076,1909f56bfc062723c751e8b465ee728b)
Start importing Assets/Scripts/MeshUtility.cs using Guid(fd59baee727c0114d875eb4637cbeb19) Importer(815301076,1909f56bfc062723c751e8b465ee728b)  -> (artifact id: '98c370e9a362b6a1bc90651ca5ea5a3b') in 0.003755 seconds 
  Import took 0.006334 seconds .

========================================================================
Received Import Request.
  Time since last request: 15.029983 seconds.
  path: Assets/Scripts/MeshUtility.cs
  artifactKey: Guid(fd59baee727c0114d875eb4637cbeb19) Importer(815301076,1909f56bfc062723c751e8b465ee728b)
Start importing Assets/Scripts/MeshUtility.cs using Guid(fd59baee727c0114d875eb4637cbeb19) Importer(815301076,1909f56bfc062723c751e8b465ee728b)  -> (artifact id: 'b0a7bd37cd4476da009b5e6e121d29cd') in 0.004095 seconds 
  Import took 0.007133 seconds .

========================================================================
Received Import Request.
  Time since last request: 6.346031 seconds.
  path: Assets/Scripts/MeshUtility.cs
  artifactKey: Guid(fd59baee727c0114d875eb4637cbeb19) Importer(815301076,1909f56bfc062723c751e8b465ee728b)
Start importing Assets/Scripts/MeshUtility.cs using Guid(fd59baee727c0114d875eb4637cbeb19) Importer(815301076,1909f56bfc062723c751e8b465ee728b)  -> (artifact id: 'bd144fcaf0bd0fad3fbd332570fb4e05') in 0.002527 seconds 
  Import took 0.004887 seconds .

========================================================================
Received Import Request.
  Time since last request: 83.094575 seconds.
  path: Assets/Scripts/MeshUtility.cs
  artifactKey: Guid(fd59baee727c0114d875eb4637cbeb19) Importer(815301076,1909f56bfc062723c751e8b465ee728b)
Start importing Assets/Scripts/MeshUtility.cs using Guid(fd59baee727c0114d875eb4637cbeb19) Importer(815301076,1909f56bfc062723c751e8b465ee728b)  -> (artifact id: '5f7f7955e4568d91f74b1e154a691b5a') in 0.002547 seconds 
  Import took 0.004966 seconds .

========================================================================
Received Import Request.
  Time since last request: 58.170484 seconds.
  path: Assets/Scripts/MeshUtility.cs
  artifactKey: Guid(fd59baee727c0114d875eb4637cbeb19) Importer(815301076,1909f56bfc062723c751e8b465ee728b)
Start importing Assets/Scripts/MeshUtility.cs using Guid(fd59baee727c0114d875eb4637cbeb19) Importer(815301076,1909f56bfc062723c751e8b465ee728b)  -> (artifact id: 'd361feaccefdb6165435c0f781b8335f') in 0.002461 seconds 
  Import took 0.004769 seconds .

========================================================================
Received Import Request.
  Time since last request: 40.218475 seconds.
  path: Assets/Scripts/MeshUtility.cs
  artifactKey: Guid(fd59baee727c0114d875eb4637cbeb19) Importer(815301076,1909f56bfc062723c751e8b465ee728b)
Start importing Assets/Scripts/MeshUtility.cs using Guid(fd59baee727c0114d875eb4637cbeb19) Importer(815301076,1909f56bfc062723c751e8b465ee728b)  -> (artifact id: '56667706d7037c156b22dd31cd107804') in 0.002605 seconds 
  Import took 0.005347 seconds .

========================================================================
Received Import Request.
  Time since last request: 8.414659 seconds.
  path: Assets/Scripts/MeshUtility.cs
  artifactKey: Guid(fd59baee727c0114d875eb4637cbeb19) Importer(815301076,1909f56bfc062723c751e8b465ee728b)
Start importing Assets/Scripts/MeshUtility.cs using Guid(fd59baee727c0114d875eb4637cbeb19) Importer(815301076,1909f56bfc062723c751e8b465ee728b)  -> (artifact id: '3a4d76aa7f636359bd8645bc826ff670') in 0.003081 seconds 
  Import took 0.006393 seconds .

========================================================================
Received Import Request.
  Time since last request: 42.968102 seconds.
  path: Assets/Scripts/MeshUtility.cs
  artifactKey: Guid(fd59baee727c0114d875eb4637cbeb19) Importer(815301076,1909f56bfc062723c751e8b465ee728b)
Start importing Assets/Scripts/MeshUtility.cs using Guid(fd59baee727c0114d875eb4637cbeb19) Importer(815301076,1909f56bfc062723c751e8b465ee728b)  -> (artifact id: '3aa21915f9603665d54ba322cb954103') in 0.002492 seconds 
  Import took 0.005016 seconds .

========================================================================
Received Import Request.
  Time since last request: 18.051810 seconds.
  path: Assets/Scripts/MeshUtility.cs
  artifactKey: Guid(fd59baee727c0114d875eb4637cbeb19) Importer(815301076,1909f56bfc062723c751e8b465ee728b)
Start importing Assets/Scripts/MeshUtility.cs using Guid(fd59baee727c0114d875eb4637cbeb19) Importer(815301076,1909f56bfc062723c751e8b465ee728b)  -> (artifact id: '3ac168f86321dfb32ca2ff574254e124') in 0.004655 seconds 
  Import took 0.007610 seconds .

========================================================================
Received Import Request.
  Time since last request: 12.972746 seconds.
  path: Assets/Scripts/MeshUtility.cs
  artifactKey: Guid(fd59baee727c0114d875eb4637cbeb19) Importer(815301076,1909f56bfc062723c751e8b465ee728b)
Start importing Assets/Scripts/MeshUtility.cs using Guid(fd59baee727c0114d875eb4637cbeb19) Importer(815301076,1909f56bfc062723c751e8b465ee728b)  -> (artifact id: '22d49dbbb6848700851a6255edccc818') in 0.003896 seconds 
  Import took 0.006297 seconds .

========================================================================
Received Import Request.
  Time since last request: 17.832516 seconds.
  path: Assets/Scripts/MeshUtility.cs
  artifactKey: Guid(fd59baee727c0114d875eb4637cbeb19) Importer(815301076,1909f56bfc062723c751e8b465ee728b)
Start importing Assets/Scripts/MeshUtility.cs using Guid(fd59baee727c0114d875eb4637cbeb19) Importer(815301076,1909f56bfc062723c751e8b465ee728b)  -> (artifact id: 'cc7d0ccc672360b161816c3d7dc52221') in 0.004059 seconds 
  Import took 0.006760 seconds .

========================================================================
Received Import Request.
  Time since last request: 39.629129 seconds.
  path: Assets/Scripts/MeshUtility.cs
  artifactKey: Guid(fd59baee727c0114d875eb4637cbeb19) Importer(815301076,1909f56bfc062723c751e8b465ee728b)
Start importing Assets/Scripts/MeshUtility.cs using Guid(fd59baee727c0114d875eb4637cbeb19) Importer(815301076,1909f56bfc062723c751e8b465ee728b)  -> (artifact id: 'ad1c3cedd9e094bff080a9ad7fc08cb7') in 0.002593 seconds 
  Import took 0.005007 seconds .

========================================================================
Received Import Request.
  Time since last request: 22.944333 seconds.
  path: Assets/Scripts/MeshUtility.cs
  artifactKey: Guid(fd59baee727c0114d875eb4637cbeb19) Importer(815301076,1909f56bfc062723c751e8b465ee728b)
Start importing Assets/Scripts/MeshUtility.cs using Guid(fd59baee727c0114d875eb4637cbeb19) Importer(815301076,1909f56bfc062723c751e8b465ee728b)  -> (artifact id: '96b873e6a672098e17baa2a15ed1c3de') in 0.005022 seconds 
  Import took 0.007775 seconds .

========================================================================
Received Import Request.
  Time since last request: 52.830652 seconds.
  path: Assets/Scripts/MeshUtility.cs
  artifactKey: Guid(fd59baee727c0114d875eb4637cbeb19) Importer(815301076,1909f56bfc062723c751e8b465ee728b)
Start importing Assets/Scripts/MeshUtility.cs using Guid(fd59baee727c0114d875eb4637cbeb19) Importer(815301076,1909f56bfc062723c751e8b465ee728b)  -> (artifact id: '28f9eac2af2a6cffa2da42ec8fc74197') in 0.004174 seconds 
  Import took 0.006907 seconds .

========================================================================
Received Import Request.
  Time since last request: 29.122348 seconds.
  path: Assets/Scripts/MeshUtility.cs
  artifactKey: Guid(fd59baee727c0114d875eb4637cbeb19) Importer(815301076,1909f56bfc062723c751e8b465ee728b)
Start importing Assets/Scripts/MeshUtility.cs using Guid(fd59baee727c0114d875eb4637cbeb19) Importer(815301076,1909f56bfc062723c751e8b465ee728b)  -> (artifact id: '653d366502e51882a25528977eb0cadf') in 0.003960 seconds 
  Import took 0.007096 seconds .

========================================================================
Received Import Request.
  Time since last request: 38.057127 seconds.
  path: Assets/Scripts/MeshUtility.cs
  artifactKey: Guid(fd59baee727c0114d875eb4637cbeb19) Importer(815301076,1909f56bfc062723c751e8b465ee728b)
Start importing Assets/Scripts/MeshUtility.cs using Guid(fd59baee727c0114d875eb4637cbeb19) Importer(815301076,1909f56bfc062723c751e8b465ee728b)  -> (artifact id: 'd0f50a715935f8bed3eaf5f4c7f42a88') in 0.004034 seconds 
  Import took 0.006369 seconds .

========================================================================
Received Import Request.
  Time since last request: 22.564750 seconds.
  path: Assets/Scripts/MeshUtility.cs
  artifactKey: Guid(fd59baee727c0114d875eb4637cbeb19) Importer(815301076,1909f56bfc062723c751e8b465ee728b)
Start importing Assets/Scripts/MeshUtility.cs using Guid(fd59baee727c0114d875eb4637cbeb19) Importer(815301076,1909f56bfc062723c751e8b465ee728b)  -> (artifact id: '86e566b29aabfca13cedf70762c728e3') in 0.003795 seconds 
  Import took 0.006442 seconds .

========================================================================
Received Import Request.
  Time since last request: 12.937760 seconds.
  path: Assets/Scripts/MeshUtility.cs
  artifactKey: Guid(fd59baee727c0114d875eb4637cbeb19) Importer(815301076,1909f56bfc062723c751e8b465ee728b)
Start importing Assets/Scripts/MeshUtility.cs using Guid(fd59baee727c0114d875eb4637cbeb19) Importer(815301076,1909f56bfc062723c751e8b465ee728b)  -> (artifact id: '1f2d59d1ec0b272afb0456543fa40c57') in 0.002452 seconds 
  Import took 0.005115 seconds .

========================================================================
Received Import Request.
  Time since last request: 31.105733 seconds.
  path: Assets/Scripts/MeshUtility.cs
  artifactKey: Guid(fd59baee727c0114d875eb4637cbeb19) Importer(815301076,1909f56bfc062723c751e8b465ee728b)
Start importing Assets/Scripts/MeshUtility.cs using Guid(fd59baee727c0114d875eb4637cbeb19) Importer(815301076,1909f56bfc062723c751e8b465ee728b)  -> (artifact id: 'b5ecf77d59d0e57d28f0678298e0d97d') in 0.004887 seconds 
  Import took 0.008394 seconds .

========================================================================
Received Import Request.
  Time since last request: 10.199137 seconds.
  path: Assets/Scripts/MeshUtility.cs
  artifactKey: Guid(fd59baee727c0114d875eb4637cbeb19) Importer(815301076,1909f56bfc062723c751e8b465ee728b)
Start importing Assets/Scripts/MeshUtility.cs using Guid(fd59baee727c0114d875eb4637cbeb19) Importer(815301076,1909f56bfc062723c751e8b465ee728b)  -> (artifact id: '4e5c94ae50abe3366458beb910ea082e') in 0.003877 seconds 
  Import took 0.006585 seconds .

========================================================================
Received Import Request.
  Time since last request: 20.513905 seconds.
  path: Assets/Scripts/MeshUtility.cs
  artifactKey: Guid(fd59baee727c0114d875eb4637cbeb19) Importer(815301076,1909f56bfc062723c751e8b465ee728b)
Start importing Assets/Scripts/MeshUtility.cs using Guid(fd59baee727c0114d875eb4637cbeb19) Importer(815301076,1909f56bfc062723c751e8b465ee728b)  -> (artifact id: 'd37f155cae47156b609b40d60d189a01') in 0.003872 seconds 
  Import took 0.006248 seconds .

========================================================================
Received Import Request.
  Time since last request: 9.309510 seconds.
  path: Assets/Scripts/MeshUtility.cs
  artifactKey: Guid(fd59baee727c0114d875eb4637cbeb19) Importer(815301076,1909f56bfc062723c751e8b465ee728b)
Start importing Assets/Scripts/MeshUtility.cs using Guid(fd59baee727c0114d875eb4637cbeb19) Importer(815301076,1909f56bfc062723c751e8b465ee728b)  -> (artifact id: 'd31098bfe42639a6a2d2299a30b6ec99') in 0.002881 seconds 
  Import took 0.005969 seconds .

========================================================================
Received Import Request.
  Time since last request: 19.543624 seconds.
  path: Assets/Scripts/MeshUtility.cs
  artifactKey: Guid(fd59baee727c0114d875eb4637cbeb19) Importer(815301076,1909f56bfc062723c751e8b465ee728b)
Start importing Assets/Scripts/MeshUtility.cs using Guid(fd59baee727c0114d875eb4637cbeb19) Importer(815301076,1909f56bfc062723c751e8b465ee728b)  -> (artifact id: '0a360510e6fe0f43dd703ede125fbe6f') in 0.005490 seconds 
  Import took 0.008326 seconds .

========================================================================
Received Import Request.
  Time since last request: 1.138659 seconds.
  path: Assets/Scripts/MeshUtility.cs
  artifactKey: Guid(fd59baee727c0114d875eb4637cbeb19) Importer(815301076,1909f56bfc062723c751e8b465ee728b)
Start importing Assets/Scripts/MeshUtility.cs using Guid(fd59baee727c0114d875eb4637cbeb19) Importer(815301076,1909f56bfc062723c751e8b465ee728b)  -> (artifact id: 'a6173f942600ff239abded63ff97c509') in 0.003641 seconds 
  Import took 0.006206 seconds .

========================================================================
Received Import Request.
  Time since last request: 12.126636 seconds.
  path: Assets/Scripts/MeshUtility.cs
  artifactKey: Guid(fd59baee727c0114d875eb4637cbeb19) Importer(815301076,1909f56bfc062723c751e8b465ee728b)
Start importing Assets/Scripts/MeshUtility.cs using Guid(fd59baee727c0114d875eb4637cbeb19) Importer(815301076,1909f56bfc062723c751e8b465ee728b)  -> (artifact id: '4094d926428df4d48820cc3f3989f584') in 0.003829 seconds 
  Import took 0.006444 seconds .

========================================================================
Received Import Request.
  Time since last request: 10.819771 seconds.
  path: Assets/Scripts/MeshUtility.cs
  artifactKey: Guid(fd59baee727c0114d875eb4637cbeb19) Importer(815301076,1909f56bfc062723c751e8b465ee728b)
Start importing Assets/Scripts/MeshUtility.cs using Guid(fd59baee727c0114d875eb4637cbeb19) Importer(815301076,1909f56bfc062723c751e8b465ee728b)  -> (artifact id: '2c4148f2c5be54ad61e1fd3ca579de5e') in 0.003770 seconds 
  Import took 0.006197 seconds .

========================================================================
Received Import Request.
  Time since last request: 296.710073 seconds.
  path: Assets/Scripts/MeshUtility.cs
  artifactKey: Guid(fd59baee727c0114d875eb4637cbeb19) Importer(815301076,1909f56bfc062723c751e8b465ee728b)
Start importing Assets/Scripts/MeshUtility.cs using Guid(fd59baee727c0114d875eb4637cbeb19) Importer(815301076,1909f56bfc062723c751e8b465ee728b)  -> (artifact id: '923c04e234d44fad85a88d28bdfee46f') in 0.002572 seconds 
  Import took 0.005139 seconds .

========================================================================
Received Import Request.
  Time since last request: 9.486325 seconds.
  path: Assets/Scripts/MeshUtility.cs
  artifactKey: Guid(fd59baee727c0114d875eb4637cbeb19) Importer(815301076,1909f56bfc062723c751e8b465ee728b)
Start importing Assets/Scripts/MeshUtility.cs using Guid(fd59baee727c0114d875eb4637cbeb19) Importer(815301076,1909f56bfc062723c751e8b465ee728b)  -> (artifact id: '8b541bfd67e6ddc02285b20be23e79bf') in 0.003855 seconds 
  Import took 0.006577 seconds .

========================================================================
Received Import Request.
  Time since last request: 7.768595 seconds.
  path: Assets/Scripts/MeshUtility.cs
  artifactKey: Guid(fd59baee727c0114d875eb4637cbeb19) Importer(815301076,1909f56bfc062723c751e8b465ee728b)
Start importing Assets/Scripts/MeshUtility.cs using Guid(fd59baee727c0114d875eb4637cbeb19) Importer(815301076,1909f56bfc062723c751e8b465ee728b)  -> (artifact id: '99a054c7c302139a31765901237b1a9c') in 0.003750 seconds 
  Import took 0.006221 seconds .

========================================================================
Received Import Request.
  Time since last request: 4.181814 seconds.
  path: Assets/Scripts/MeshUtility.cs
  artifactKey: Guid(fd59baee727c0114d875eb4637cbeb19) Importer(815301076,1909f56bfc062723c751e8b465ee728b)
Start importing Assets/Scripts/MeshUtility.cs using Guid(fd59baee727c0114d875eb4637cbeb19) Importer(815301076,1909f56bfc062723c751e8b465ee728b)  -> (artifact id: '6f2944b879a193c7e4cdabb1ed303341') in 0.002911 seconds 
  Import took 0.005817 seconds .

========================================================================
Received Prepare
Registering precompiled user dll's ...
Registered in 0.003164 seconds.
Begin MonoManager ReloadAssembly
Native extension for WindowsStandalone target not found
Native extension for WebGL target not found
Refreshing native plugins compatible for Editor in 0.38 ms, found 2 plugins.
Preloading 0 native plugins for Editor in 0.00 ms.
Mono: successfully reloaded assembly
- Completed reload, in  0.869 seconds
Domain Reload Profiling:
	ReloadAssembly (870ms)
		BeginReloadAssembly (110ms)
			ExecutionOrderSort (0ms)
			DisableScriptedObjects (5ms)
			BackupInstance (0ms)
			ReleaseScriptingObjects (0ms)
			CreateAndSetChildDomain (39ms)
		EndReloadAssembly (695ms)
			LoadAssemblies (72ms)
			RebuildTransferFunctionScriptingTraits (0ms)
			SetupTypeCache (254ms)
			ReleaseScriptCaches (1ms)
			RebuildScriptCaches (35ms)
			SetupLoadedEditorAssemblies (251ms)
				LogAssemblyErrors (0ms)
				InitializePlatformSupportModulesInManaged (5ms)
				SetLoadedEditorAssemblies (0ms)
				RefreshPlugins (0ms)
				BeforeProcessingInitializeOnLoad (61ms)
				ProcessInitializeOnLoadAttributes (180ms)
				ProcessInitializeOnLoadMethodAttributes (3ms)
				AfterProcessingInitializeOnLoad (2ms)
				EditorAssembliesLoaded (0ms)
			ExecutionOrderSort2 (0ms)
			AwakeInstancesAfterBackupRestoration (6ms)
Platform modules already initialized, skipping
Refreshing native plugins compatible for Editor in 0.37 ms, found 2 plugins.
Preloading 0 native plugins for Editor in 0.00 ms.
Unloading 1393 Unused Serialized files (Serialized files now loaded: 0)
System memory in use before: 77.9 MB.
System memory in use after: 78.0 MB.

Unloading 11 unused Assets to reduce memory usage. Loaded Objects now: 1856.
Total: 3.118400 ms (FindLiveObjects: 0.216800 ms CreateObjectMapping: 0.033000 ms MarkObjects: 2.843000 ms  DeleteObjects: 0.023400 ms)

AssetImportParameters requested are different than current active one (requested -> active):
  custom:framework-win-MediaFoundation: 216162199b28c13a410421893ffa2e32 -> 
  custom:video-decoder-ogg-theora: a1e56fd34408186e4bbccfd4996cb3dc -> 
  custom:container-muxer-webm: aa71ff27fc2769a1b78a27578f13a17b -> 
  custom:container-demuxer-webm: 4f35f7cbe854078d1ac9338744f61a02 -> 
  custom:container-demuxer-ogg: 62fdf1f143b41e24485cea50d1cbac27 -> 
  custom:video-encoder-webm-vp8: eb34c28f22e8b96e1ab97ce403110664 -> 
  custom:video-codec-MediaFoundation-h265: 746d11721c4dcdbdad8f713fa42b33f4 -> 
  custom:video-decoder-webm-vp8: 9c59270c3fd7afecdb556c50c9e8de78 -> 
  custom:audio-decoder-ogg-vorbis: bf7c407c2cedff20999df2af8eb42d56 -> 
  custom:audio-encoder-webm-vorbis: bf7c407c2cedff20999df2af8eb42d56 -> 
========================================================================
Received Prepare
Registering precompiled user dll's ...
Registered in 0.001789 seconds.
Begin MonoManager ReloadAssembly
Native extension for WindowsStandalone target not found
Native extension for WebGL target not found
Refreshing native plugins compatible for Editor in 0.35 ms, found 2 plugins.
Preloading 0 native plugins for Editor in 0.00 ms.
Mono: successfully reloaded assembly
- Completed reload, in  0.830 seconds
Domain Reload Profiling:
	ReloadAssembly (830ms)
		BeginReloadAssembly (93ms)
			ExecutionOrderSort (0ms)
			DisableScriptedObjects (4ms)
			BackupInstance (0ms)
			ReleaseScriptingObjects (0ms)
			CreateAndSetChildDomain (30ms)
		EndReloadAssembly (683ms)
			LoadAssemblies (70ms)
			RebuildTransferFunctionScriptingTraits (0ms)
			SetupTypeCache (233ms)
			ReleaseScriptCaches (1ms)
			RebuildScriptCaches (36ms)
			SetupLoadedEditorAssemblies (260ms)
				LogAssemblyErrors (0ms)
				InitializePlatformSupportModulesInManaged (8ms)
				SetLoadedEditorAssemblies (0ms)
				RefreshPlugins (0ms)
				BeforeProcessingInitializeOnLoad (69ms)
				ProcessInitializeOnLoadAttributes (175ms)
				ProcessInitializeOnLoadMethodAttributes (3ms)
				AfterProcessingInitializeOnLoad (3ms)
				EditorAssembliesLoaded (0ms)
			ExecutionOrderSort2 (0ms)
			AwakeInstancesAfterBackupRestoration (6ms)
Platform modules already initialized, skipping
Refreshing native plugins compatible for Editor in 0.52 ms, found 2 plugins.
Preloading 0 native plugins for Editor in 0.00 ms.
Unloading 1393 Unused Serialized files (Serialized files now loaded: 0)
System memory in use before: 77.9 MB.
System memory in use after: 78.0 MB.

Unloading 11 unused Assets to reduce memory usage. Loaded Objects now: 1858.
Total: 2.821200 ms (FindLiveObjects: 0.184300 ms CreateObjectMapping: 0.032900 ms MarkObjects: 2.582500 ms  DeleteObjects: 0.020100 ms)

AssetImportParameters requested are different than current active one (requested -> active):
  custom:framework-win-MediaFoundation: 216162199b28c13a410421893ffa2e32 -> 
  custom:video-decoder-ogg-theora: a1e56fd34408186e4bbccfd4996cb3dc -> 
  custom:container-muxer-webm: aa71ff27fc2769a1b78a27578f13a17b -> 
  custom:container-demuxer-webm: 4f35f7cbe854078d1ac9338744f61a02 -> 
  custom:container-demuxer-ogg: 62fdf1f143b41e24485cea50d1cbac27 -> 
  custom:video-encoder-webm-vp8: eb34c28f22e8b96e1ab97ce403110664 -> 
  custom:video-codec-MediaFoundation-h265: 746d11721c4dcdbdad8f713fa42b33f4 -> 
  custom:video-decoder-webm-vp8: 9c59270c3fd7afecdb556c50c9e8de78 -> 
  custom:audio-decoder-ogg-vorbis: bf7c407c2cedff20999df2af8eb42d56 -> 
  custom:audio-encoder-webm-vorbis: bf7c407c2cedff20999df2af8eb42d56 -> 
========================================================================
Received Prepare
Registering precompiled user dll's ...
Registered in 0.001595 seconds.
Begin MonoManager ReloadAssembly
Native extension for WindowsStandalone target not found
Native extension for WebGL target not found
Refreshing native plugins compatible for Editor in 0.34 ms, found 2 plugins.
Preloading 0 native plugins for Editor in 0.00 ms.
Mono: successfully reloaded assembly
- Completed reload, in  0.833 seconds
Domain Reload Profiling:
	ReloadAssembly (834ms)
		BeginReloadAssembly (100ms)
			ExecutionOrderSort (0ms)
			DisableScriptedObjects (4ms)
			BackupInstance (0ms)
			ReleaseScriptingObjects (0ms)
			CreateAndSetChildDomain (33ms)
		EndReloadAssembly (676ms)
			LoadAssemblies (71ms)
			RebuildTransferFunctionScriptingTraits (0ms)
			SetupTypeCache (237ms)
			ReleaseScriptCaches (1ms)
			RebuildScriptCaches (33ms)
			SetupLoadedEditorAssemblies (247ms)
				LogAssemblyErrors (0ms)
				InitializePlatformSupportModulesInManaged (5ms)
				SetLoadedEditorAssemblies (0ms)
				RefreshPlugins (0ms)
				BeforeProcessingInitializeOnLoad (60ms)
				ProcessInitializeOnLoadAttributes (174ms)
				ProcessInitializeOnLoadMethodAttributes (4ms)
				AfterProcessingInitializeOnLoad (3ms)
				EditorAssembliesLoaded (0ms)
			ExecutionOrderSort2 (0ms)
			AwakeInstancesAfterBackupRestoration (6ms)
Platform modules already initialized, skipping
Refreshing native plugins compatible for Editor in 0.43 ms, found 2 plugins.
Preloading 0 native plugins for Editor in 0.00 ms.
Unloading 1393 Unused Serialized files (Serialized files now loaded: 0)
System memory in use before: 77.9 MB.
System memory in use after: 78.0 MB.

Unloading 11 unused Assets to reduce memory usage. Loaded Objects now: 1860.
Total: 2.939300 ms (FindLiveObjects: 0.277300 ms CreateObjectMapping: 0.068300 ms MarkObjects: 2.573700 ms  DeleteObjects: 0.018900 ms)

AssetImportParameters requested are different than current active one (requested -> active):
  custom:framework-win-MediaFoundation: 216162199b28c13a410421893ffa2e32 -> 
  custom:video-decoder-ogg-theora: a1e56fd34408186e4bbccfd4996cb3dc -> 
  custom:container-muxer-webm: aa71ff27fc2769a1b78a27578f13a17b -> 
  custom:container-demuxer-webm: 4f35f7cbe854078d1ac9338744f61a02 -> 
  custom:container-demuxer-ogg: 62fdf1f143b41e24485cea50d1cbac27 -> 
  custom:video-encoder-webm-vp8: eb34c28f22e8b96e1ab97ce403110664 -> 
  custom:video-codec-MediaFoundation-h265: 746d11721c4dcdbdad8f713fa42b33f4 -> 
  custom:video-decoder-webm-vp8: 9c59270c3fd7afecdb556c50c9e8de78 -> 
  custom:audio-decoder-ogg-vorbis: bf7c407c2cedff20999df2af8eb42d56 -> 
  custom:audio-encoder-webm-vorbis: bf7c407c2cedff20999df2af8eb42d56 -> 
========================================================================
Received Prepare
Registering precompiled user dll's ...
Registered in 0.001855 seconds.
Begin MonoManager ReloadAssembly
Native extension for WindowsStandalone target not found
Native extension for WebGL target not found
Refreshing native plugins compatible for Editor in 0.51 ms, found 2 plugins.
Preloading 0 native plugins for Editor in 0.00 ms.
Mono: successfully reloaded assembly
- Completed reload, in  0.858 seconds
Domain Reload Profiling:
	ReloadAssembly (858ms)
		BeginReloadAssembly (104ms)
			ExecutionOrderSort (0ms)
			DisableScriptedObjects (4ms)
			BackupInstance (0ms)
			ReleaseScriptingObjects (0ms)
			CreateAndSetChildDomain (30ms)
		EndReloadAssembly (700ms)
			LoadAssemblies (70ms)
			RebuildTransferFunctionScriptingTraits (0ms)
			SetupTypeCache (230ms)
			ReleaseScriptCaches (1ms)
			RebuildScriptCaches (35ms)
			SetupLoadedEditorAssemblies (271ms)
				LogAssemblyErrors (0ms)
				InitializePlatformSupportModulesInManaged (5ms)
				SetLoadedEditorAssemblies (0ms)
				RefreshPlugins (1ms)
				BeforeProcessingInitializeOnLoad (63ms)
				ProcessInitializeOnLoadAttributes (197ms)
				ProcessInitializeOnLoadMethodAttributes (3ms)
				AfterProcessingInitializeOnLoad (2ms)
				EditorAssembliesLoaded (0ms)
			ExecutionOrderSort2 (0ms)
			AwakeInstancesAfterBackupRestoration (6ms)
Platform modules already initialized, skipping
Refreshing native plugins compatible for Editor in 0.44 ms, found 2 plugins.
Preloading 0 native plugins for Editor in 0.00 ms.
Unloading 1393 Unused Serialized files (Serialized files now loaded: 0)
System memory in use before: 77.9 MB.
System memory in use after: 78.0 MB.

Unloading 11 unused Assets to reduce memory usage. Loaded Objects now: 1862.
Total: 2.928000 ms (FindLiveObjects: 0.203300 ms CreateObjectMapping: 0.033500 ms MarkObjects: 2.667900 ms  DeleteObjects: 0.020900 ms)

AssetImportParameters requested are different than current active one (requested -> active):
  custom:framework-win-MediaFoundation: 216162199b28c13a410421893ffa2e32 -> 
  custom:video-decoder-ogg-theora: a1e56fd34408186e4bbccfd4996cb3dc -> 
  custom:container-muxer-webm: aa71ff27fc2769a1b78a27578f13a17b -> 
  custom:container-demuxer-webm: 4f35f7cbe854078d1ac9338744f61a02 -> 
  custom:container-demuxer-ogg: 62fdf1f143b41e24485cea50d1cbac27 -> 
  custom:video-encoder-webm-vp8: eb34c28f22e8b96e1ab97ce403110664 -> 
  custom:video-codec-MediaFoundation-h265: 746d11721c4dcdbdad8f713fa42b33f4 -> 
  custom:video-decoder-webm-vp8: 9c59270c3fd7afecdb556c50c9e8de78 -> 
  custom:audio-decoder-ogg-vorbis: bf7c407c2cedff20999df2af8eb42d56 -> 
  custom:audio-encoder-webm-vorbis: bf7c407c2cedff20999df2af8eb42d56 -> 
========================================================================
Received Prepare
Registering precompiled user dll's ...
Registered in 0.001670 seconds.
Begin MonoManager ReloadAssembly
Native extension for WindowsStandalone target not found
Native extension for WebGL target not found
Refreshing native plugins compatible for Editor in 0.39 ms, found 2 plugins.
Preloading 0 native plugins for Editor in 0.00 ms.
Mono: successfully reloaded assembly
- Completed reload, in  1.015 seconds
Domain Reload Profiling:
	ReloadAssembly (1015ms)
		BeginReloadAssembly (107ms)
			ExecutionOrderSort (0ms)
			DisableScriptedObjects (5ms)
			BackupInstance (0ms)
			ReleaseScriptingObjects (0ms)
			CreateAndSetChildDomain (32ms)
		EndReloadAssembly (847ms)
			LoadAssemblies (82ms)
			RebuildTransferFunctionScriptingTraits (0ms)
			SetupTypeCache (282ms)
			ReleaseScriptCaches (1ms)
			RebuildScriptCaches (53ms)
			SetupLoadedEditorAssemblies (302ms)
				LogAssemblyErrors (0ms)
				InitializePlatformSupportModulesInManaged (7ms)
				SetLoadedEditorAssemblies (1ms)
				RefreshPlugins (0ms)
				BeforeProcessingInitializeOnLoad (91ms)
				ProcessInitializeOnLoadAttributes (197ms)
				ProcessInitializeOnLoadMethodAttributes (4ms)
				AfterProcessingInitializeOnLoad (2ms)
				EditorAssembliesLoaded (0ms)
			ExecutionOrderSort2 (0ms)
			AwakeInstancesAfterBackupRestoration (9ms)
Platform modules already initialized, skipping
Refreshing native plugins compatible for Editor in 0.47 ms, found 2 plugins.
Preloading 0 native plugins for Editor in 0.00 ms.
Unloading 1393 Unused Serialized files (Serialized files now loaded: 0)
System memory in use before: 77.9 MB.
System memory in use after: 78.1 MB.

Unloading 11 unused Assets to reduce memory usage. Loaded Objects now: 1864.
Total: 3.504000 ms (FindLiveObjects: 0.282300 ms CreateObjectMapping: 0.048100 ms MarkObjects: 3.144400 ms  DeleteObjects: 0.026900 ms)

AssetImportParameters requested are different than current active one (requested -> active):
  custom:framework-win-MediaFoundation: 216162199b28c13a410421893ffa2e32 -> 
  custom:video-decoder-ogg-theora: a1e56fd34408186e4bbccfd4996cb3dc -> 
  custom:container-muxer-webm: aa71ff27fc2769a1b78a27578f13a17b -> 
  custom:container-demuxer-webm: 4f35f7cbe854078d1ac9338744f61a02 -> 
  custom:container-demuxer-ogg: 62fdf1f143b41e24485cea50d1cbac27 -> 
  custom:video-encoder-webm-vp8: eb34c28f22e8b96e1ab97ce403110664 -> 
  custom:video-codec-MediaFoundation-h265: 746d11721c4dcdbdad8f713fa42b33f4 -> 
  custom:video-decoder-webm-vp8: 9c59270c3fd7afecdb556c50c9e8de78 -> 
  custom:audio-decoder-ogg-vorbis: bf7c407c2cedff20999df2af8eb42d56 -> 
  custom:audio-encoder-webm-vorbis: bf7c407c2cedff20999df2af8eb42d56 -> 
========================================================================
Received Prepare
Registering precompiled user dll's ...
Registered in 0.002097 seconds.
Begin MonoManager ReloadAssembly
Native extension for WindowsStandalone target not found
Native extension for WebGL target not found
Refreshing native plugins compatible for Editor in 0.52 ms, found 2 plugins.
Preloading 0 native plugins for Editor in 0.00 ms.
Mono: successfully reloaded assembly
- Completed reload, in  0.889 seconds
Domain Reload Profiling:
	ReloadAssembly (890ms)
		BeginReloadAssembly (112ms)
			ExecutionOrderSort (0ms)
			DisableScriptedObjects (4ms)
			BackupInstance (0ms)
			ReleaseScriptingObjects (0ms)
			CreateAndSetChildDomain (30ms)
		EndReloadAssembly (703ms)
			LoadAssemblies (78ms)
			RebuildTransferFunctionScriptingTraits (0ms)
			SetupTypeCache (249ms)
			ReleaseScriptCaches (1ms)
			RebuildScriptCaches (35ms)
			SetupLoadedEditorAssemblies (261ms)
				LogAssemblyErrors (0ms)
				InitializePlatformSupportModulesInManaged (6ms)
				SetLoadedEditorAssemblies (1ms)
				RefreshPlugins (1ms)
				BeforeProcessingInitializeOnLoad (72ms)
				ProcessInitializeOnLoadAttributes (174ms)
				ProcessInitializeOnLoadMethodAttributes (3ms)
				AfterProcessingInitializeOnLoad (4ms)
				EditorAssembliesLoaded (0ms)
			ExecutionOrderSort2 (0ms)
			AwakeInstancesAfterBackupRestoration (6ms)
Platform modules already initialized, skipping
Refreshing native plugins compatible for Editor in 0.33 ms, found 2 plugins.
Preloading 0 native plugins for Editor in 0.00 ms.
Unloading 1393 Unused Serialized files (Serialized files now loaded: 0)
System memory in use before: 78.0 MB.
System memory in use after: 78.1 MB.

Unloading 11 unused Assets to reduce memory usage. Loaded Objects now: 1866.
Total: 2.821800 ms (FindLiveObjects: 0.177600 ms CreateObjectMapping: 0.032200 ms MarkObjects: 2.585400 ms  DeleteObjects: 0.025700 ms)

AssetImportParameters requested are different than current active one (requested -> active):
  custom:framework-win-MediaFoundation: 216162199b28c13a410421893ffa2e32 -> 
  custom:video-decoder-ogg-theora: a1e56fd34408186e4bbccfd4996cb3dc -> 
  custom:container-muxer-webm: aa71ff27fc2769a1b78a27578f13a17b -> 
  custom:container-demuxer-webm: 4f35f7cbe854078d1ac9338744f61a02 -> 
  custom:container-demuxer-ogg: 62fdf1f143b41e24485cea50d1cbac27 -> 
  custom:video-encoder-webm-vp8: eb34c28f22e8b96e1ab97ce403110664 -> 
  custom:video-codec-MediaFoundation-h265: 746d11721c4dcdbdad8f713fa42b33f4 -> 
  custom:video-decoder-webm-vp8: 9c59270c3fd7afecdb556c50c9e8de78 -> 
  custom:audio-decoder-ogg-vorbis: bf7c407c2cedff20999df2af8eb42d56 -> 
  custom:audio-encoder-webm-vorbis: bf7c407c2cedff20999df2af8eb42d56 -> 
========================================================================
Received Prepare
Registering precompiled user dll's ...
Registered in 0.002402 seconds.
Begin MonoManager ReloadAssembly
Native extension for WindowsStandalone target not found
Native extension for WebGL target not found
Refreshing native plugins compatible for Editor in 0.34 ms, found 2 plugins.
Preloading 0 native plugins for Editor in 0.00 ms.
Mono: successfully reloaded assembly
- Completed reload, in  0.852 seconds
Domain Reload Profiling:
	ReloadAssembly (853ms)
		BeginReloadAssembly (100ms)
			ExecutionOrderSort (0ms)
			DisableScriptedObjects (5ms)
			BackupInstance (0ms)
			ReleaseScriptingObjects (0ms)
			CreateAndSetChildDomain (32ms)
		EndReloadAssembly (689ms)
			LoadAssemblies (71ms)
			RebuildTransferFunctionScriptingTraits (0ms)
			SetupTypeCache (252ms)
			ReleaseScriptCaches (1ms)
			RebuildScriptCaches (36ms)
			SetupLoadedEditorAssemblies (244ms)
				LogAssemblyErrors (0ms)
				InitializePlatformSupportModulesInManaged (5ms)
				SetLoadedEditorAssemblies (0ms)
				RefreshPlugins (0ms)
				BeforeProcessingInitializeOnLoad (60ms)
				ProcessInitializeOnLoadAttributes (172ms)
				ProcessInitializeOnLoadMethodAttributes (3ms)
				AfterProcessingInitializeOnLoad (2ms)
				EditorAssembliesLoaded (0ms)
			ExecutionOrderSort2 (0ms)
			AwakeInstancesAfterBackupRestoration (6ms)
Platform modules already initialized, skipping
Refreshing native plugins compatible for Editor in 0.39 ms, found 2 plugins.
Preloading 0 native plugins for Editor in 0.00 ms.
Unloading 1393 Unused Serialized files (Serialized files now loaded: 0)
System memory in use before: 78.0 MB.
System memory in use after: 78.1 MB.

Unloading 11 unused Assets to reduce memory usage. Loaded Objects now: 1868.
Total: 3.003600 ms (FindLiveObjects: 0.176100 ms CreateObjectMapping: 0.037500 ms MarkObjects: 2.770500 ms  DeleteObjects: 0.018200 ms)

AssetImportParameters requested are different than current active one (requested -> active):
  custom:framework-win-MediaFoundation: 216162199b28c13a410421893ffa2e32 -> 
  custom:video-decoder-ogg-theora: a1e56fd34408186e4bbccfd4996cb3dc -> 
  custom:container-muxer-webm: aa71ff27fc2769a1b78a27578f13a17b -> 
  custom:container-demuxer-webm: 4f35f7cbe854078d1ac9338744f61a02 -> 
  custom:container-demuxer-ogg: 62fdf1f143b41e24485cea50d1cbac27 -> 
  custom:video-encoder-webm-vp8: eb34c28f22e8b96e1ab97ce403110664 -> 
  custom:video-codec-MediaFoundation-h265: 746d11721c4dcdbdad8f713fa42b33f4 -> 
  custom:video-decoder-webm-vp8: 9c59270c3fd7afecdb556c50c9e8de78 -> 
  custom:audio-decoder-ogg-vorbis: bf7c407c2cedff20999df2af8eb42d56 -> 
  custom:audio-encoder-webm-vorbis: bf7c407c2cedff20999df2af8eb42d56 -> 
========================================================================
Received Prepare
Registering precompiled user dll's ...
Registered in 0.001715 seconds.
Begin MonoManager ReloadAssembly
Native extension for WindowsStandalone target not found
Native extension for WebGL target not found
Refreshing native plugins compatible for Editor in 0.36 ms, found 2 plugins.
Preloading 0 native plugins for Editor in 0.00 ms.
Mono: successfully reloaded assembly
- Completed reload, in  0.868 seconds
Domain Reload Profiling:
	ReloadAssembly (868ms)
		BeginReloadAssembly (89ms)
			ExecutionOrderSort (0ms)
			DisableScriptedObjects (4ms)
			BackupInstance (0ms)
			ReleaseScriptingObjects (0ms)
			CreateAndSetChildDomain (29ms)
		EndReloadAssembly (726ms)
			LoadAssemblies (70ms)
			RebuildTransferFunctionScriptingTraits (0ms)
			SetupTypeCache (258ms)
			ReleaseScriptCaches (1ms)
			RebuildScriptCaches (35ms)
			SetupLoadedEditorAssemblies (274ms)
				LogAssemblyErrors (0ms)
				InitializePlatformSupportModulesInManaged (5ms)
				SetLoadedEditorAssemblies (0ms)
				RefreshPlugins (0ms)
				BeforeProcessingInitializeOnLoad (58ms)
				ProcessInitializeOnLoadAttributes (205ms)
				ProcessInitializeOnLoadMethodAttributes (3ms)
				AfterProcessingInitializeOnLoad (2ms)
				EditorAssembliesLoaded (0ms)
			ExecutionOrderSort2 (0ms)
			AwakeInstancesAfterBackupRestoration (7ms)
Platform modules already initialized, skipping
Refreshing native plugins compatible for Editor in 0.36 ms, found 2 plugins.
Preloading 0 native plugins for Editor in 0.00 ms.
Unloading 1393 Unused Serialized files (Serialized files now loaded: 0)
System memory in use before: 78.0 MB.
System memory in use after: 78.1 MB.

Unloading 11 unused Assets to reduce memory usage. Loaded Objects now: 1870.
Total: 2.924800 ms (FindLiveObjects: 0.180900 ms CreateObjectMapping: 0.033600 ms MarkObjects: 2.688100 ms  DeleteObjects: 0.020600 ms)

AssetImportParameters requested are different than current active one (requested -> active):
  custom:framework-win-MediaFoundation: 216162199b28c13a410421893ffa2e32 -> 
  custom:video-decoder-ogg-theora: a1e56fd34408186e4bbccfd4996cb3dc -> 
  custom:container-muxer-webm: aa71ff27fc2769a1b78a27578f13a17b -> 
  custom:container-demuxer-webm: 4f35f7cbe854078d1ac9338744f61a02 -> 
  custom:container-demuxer-ogg: 62fdf1f143b41e24485cea50d1cbac27 -> 
  custom:video-encoder-webm-vp8: eb34c28f22e8b96e1ab97ce403110664 -> 
  custom:video-codec-MediaFoundation-h265: 746d11721c4dcdbdad8f713fa42b33f4 -> 
  custom:video-decoder-webm-vp8: 9c59270c3fd7afecdb556c50c9e8de78 -> 
  custom:audio-decoder-ogg-vorbis: bf7c407c2cedff20999df2af8eb42d56 -> 
  custom:audio-encoder-webm-vorbis: bf7c407c2cedff20999df2af8eb42d56 -> 
========================================================================
Received Import Request.
  Time since last request: 730.428538 seconds.
  path: Assets/Texture
  artifactKey: Guid(14b89406b2248b344979841ac24d1f0e) Importer(815301076,1909f56bfc062723c751e8b465ee728b)
Start importing Assets/Texture using Guid(14b89406b2248b344979841ac24d1f0e) Importer(815301076,1909f56bfc062723c751e8b465ee728b)  -> (artifact id: '5b9fdd2aa6fecab7749a4a4a8e93bff0') in 0.010422 seconds 
  Import took 0.012931 seconds .

========================================================================
Received Import Request.
  Time since last request: 0.001132 seconds.
  path: Assets/Texture
  artifactKey: Guid(14b89406b2248b344979841ac24d1f0e) Importer(815301076,1909f56bfc062723c751e8b465ee728b)
Start importing Assets/Texture using Guid(14b89406b2248b344979841ac24d1f0e) Importer(815301076,1909f56bfc062723c751e8b465ee728b)  -> (artifact id: '5b9fdd2aa6fecab7749a4a4a8e93bff0') in 0.003510 seconds 
  Import took 0.005961 seconds .

========================================================================
Received Import Request.
  Time since last request: 30.306605 seconds.
  path: Assets/Texture/blockatlas.png
  artifactKey: Guid(2803c2c7256e8d440b4d0abbc162d399) Importer(815301076,1909f56bfc062723c751e8b465ee728b)
Start importing Assets/Texture/blockatlas.png using Guid(2803c2c7256e8d440b4d0abbc162d399) Importer(815301076,1909f56bfc062723c751e8b465ee728b)  -> (artifact id: 'abc08ed75bfe8b320e56f0e859bce130') in 0.075513 seconds 
  Import took 0.077968 seconds .

========================================================================
Received Import Request.
  Time since last request: 29.114091 seconds.
  path: Assets/Texture/blockatlas.png
  artifactKey: Guid(2803c2c7256e8d440b4d0abbc162d399) Importer(815301076,1909f56bfc062723c751e8b465ee728b)
Start importing Assets/Texture/blockatlas.png using Guid(2803c2c7256e8d440b4d0abbc162d399) Importer(815301076,1909f56bfc062723c751e8b465ee728b)  -> (artifact id: '9d2da4672fdacb44b37ef5856eb39b05') in 0.033753 seconds 
  Import took 0.036396 seconds .

========================================================================
Received Import Request.
  Time since last request: 31.408469 seconds.
  path: Assets/Texture/blockatlas.png
  artifactKey: Guid(2803c2c7256e8d440b4d0abbc162d399) Importer(815301076,1909f56bfc062723c751e8b465ee728b)
Start importing Assets/Texture/blockatlas.png using Guid(2803c2c7256e8d440b4d0abbc162d399) Importer(815301076,1909f56bfc062723c751e8b465ee728b)  -> (artifact id: '4ca106ae0bb2083fa9f59020bb59291a') in 0.021554 seconds 
  Import took 0.024078 seconds .

========================================================================
Received Import Request.
  Time since last request: 12.673250 seconds.
  path: Assets/Materials
  artifactKey: Guid(bdfb1f59233a86a40a96632cac84b5b0) Importer(815301076,1909f56bfc062723c751e8b465ee728b)
Start importing Assets/Materials using Guid(bdfb1f59233a86a40a96632cac84b5b0) Importer(815301076,1909f56bfc062723c751e8b465ee728b)  -> (artifact id: 'a75ada78c313b3486b52134df484ee9d') in 0.008057 seconds 
  Import took 0.010980 seconds .

========================================================================
Received Import Request.
  Time since last request: 6.307074 seconds.
  path: Assets/Materials/New Material.mat
  artifactKey: Guid(10d0bb1b5fe266f4eb06f2028e93908d) Importer(815301076,1909f56bfc062723c751e8b465ee728b)
Start importing Assets/Materials/New Material.mat using Guid(10d0bb1b5fe266f4eb06f2028e93908d) Importer(815301076,1909f56bfc062723c751e8b465ee728b)  -> (artifact id: 'f2a31a400631283fb7a3381a047916e0') in 0.077491 seconds 
  Import took 0.080970 seconds .

========================================================================
Received Import Request.
  Time since last request: 25.249412 seconds.
  path: Assets/Materials/Atlas.mat
  artifactKey: Guid(10d0bb1b5fe266f4eb06f2028e93908d) Importer(815301076,1909f56bfc062723c751e8b465ee728b)
Start importing Assets/Materials/Atlas.mat using Guid(10d0bb1b5fe266f4eb06f2028e93908d) Importer(815301076,1909f56bfc062723c751e8b465ee728b)  -> (artifact id: '0298e4f32f86a18864c939ed59442352') in 0.013201 seconds 
  Import took 0.016058 seconds .

========================================================================
Received Prepare
Registering precompiled user dll's ...
Registered in 0.004642 seconds.
Begin MonoManager ReloadAssembly
Native extension for WindowsStandalone target not found
Native extension for WebGL target not found
Refreshing native plugins compatible for Editor in 0.56 ms, found 2 plugins.
Preloading 0 native plugins for Editor in 0.00 ms.
Mono: successfully reloaded assembly
- Completed reload, in  0.959 seconds
Domain Reload Profiling:
	ReloadAssembly (960ms)
		BeginReloadAssembly (97ms)
			ExecutionOrderSort (0ms)
			DisableScriptedObjects (4ms)
			BackupInstance (0ms)
			ReleaseScriptingObjects (0ms)
			CreateAndSetChildDomain (31ms)
		EndReloadAssembly (804ms)
			LoadAssemblies (78ms)
			RebuildTransferFunctionScriptingTraits (0ms)
			SetupTypeCache (253ms)
			ReleaseScriptCaches (1ms)
			RebuildScriptCaches (41ms)
			SetupLoadedEditorAssemblies (288ms)
				LogAssemblyErrors (0ms)
				InitializePlatformSupportModulesInManaged (6ms)
				SetLoadedEditorAssemblies (1ms)
				RefreshPlugins (1ms)
				BeforeProcessingInitializeOnLoad (73ms)
				ProcessInitializeOnLoadAttributes (201ms)
				ProcessInitializeOnLoadMethodAttributes (4ms)
				AfterProcessingInitializeOnLoad (3ms)
				EditorAssembliesLoaded (0ms)
			ExecutionOrderSort2 (0ms)
			AwakeInstancesAfterBackupRestoration (8ms)
Platform modules already initialized, skipping
Refreshing native plugins compatible for Editor in 0.49 ms, found 2 plugins.
Preloading 0 native plugins for Editor in 0.00 ms.
Unloading 1393 Unused Serialized files (Serialized files now loaded: 0)
System memory in use before: 81.3 MB.
System memory in use after: 81.4 MB.

Unloading 11 unused Assets to reduce memory usage. Loaded Objects now: 1913.
Total: 3.280500 ms (FindLiveObjects: 0.232900 ms CreateObjectMapping: 0.033000 ms MarkObjects: 2.987200 ms  DeleteObjects: 0.024600 ms)

AssetImportParameters requested are different than current active one (requested -> active):
  custom:framework-win-MediaFoundation: 216162199b28c13a410421893ffa2e32 -> 
  custom:video-decoder-ogg-theora: a1e56fd34408186e4bbccfd4996cb3dc -> 
  custom:container-muxer-webm: aa71ff27fc2769a1b78a27578f13a17b -> 
  custom:container-demuxer-webm: 4f35f7cbe854078d1ac9338744f61a02 -> 
  custom:container-demuxer-ogg: 62fdf1f143b41e24485cea50d1cbac27 -> 
  custom:video-encoder-webm-vp8: eb34c28f22e8b96e1ab97ce403110664 -> 
  custom:video-codec-MediaFoundation-h265: 746d11721c4dcdbdad8f713fa42b33f4 -> 
  custom:video-decoder-webm-vp8: 9c59270c3fd7afecdb556c50c9e8de78 -> 
  custom:audio-decoder-ogg-vorbis: bf7c407c2cedff20999df2af8eb42d56 -> 
  custom:audio-encoder-webm-vorbis: bf7c407c2cedff20999df2af8eb42d56 -> 
========================================================================
Received Prepare
Registering precompiled user dll's ...
Registered in 0.001657 seconds.
Begin MonoManager ReloadAssembly
Native extension for WindowsStandalone target not found
Native extension for WebGL target not found
Refreshing native plugins compatible for Editor in 0.52 ms, found 2 plugins.
Preloading 0 native plugins for Editor in 0.00 ms.
Mono: successfully reloaded assembly
- Completed reload, in  0.860 seconds
Domain Reload Profiling:
	ReloadAssembly (861ms)
		BeginReloadAssembly (108ms)
			ExecutionOrderSort (0ms)
			DisableScriptedObjects (5ms)
			BackupInstance (0ms)
			ReleaseScriptingObjects (0ms)
			CreateAndSetChildDomain (38ms)
		EndReloadAssembly (695ms)
			LoadAssemblies (79ms)
			RebuildTransferFunctionScriptingTraits (0ms)
			SetupTypeCache (247ms)
			ReleaseScriptCaches (1ms)
			RebuildScriptCaches (35ms)
			SetupLoadedEditorAssemblies (242ms)
				LogAssemblyErrors (0ms)
				InitializePlatformSupportModulesInManaged (6ms)
				SetLoadedEditorAssemblies (1ms)
				RefreshPlugins (1ms)
				BeforeProcessingInitializeOnLoad (59ms)
				ProcessInitializeOnLoadAttributes (170ms)
				ProcessInitializeOnLoadMethodAttributes (3ms)
				AfterProcessingInitializeOnLoad (2ms)
				EditorAssembliesLoaded (0ms)
			ExecutionOrderSort2 (0ms)
			AwakeInstancesAfterBackupRestoration (6ms)
Platform modules already initialized, skipping
Refreshing native plugins compatible for Editor in 0.35 ms, found 2 plugins.
Preloading 0 native plugins for Editor in 0.00 ms.
Unloading 1393 Unused Serialized files (Serialized files now loaded: 0)
System memory in use before: 81.3 MB.
System memory in use after: 81.4 MB.

Unloading 11 unused Assets to reduce memory usage. Loaded Objects now: 1915.
Total: 3.118300 ms (FindLiveObjects: 0.184500 ms CreateObjectMapping: 0.033700 ms MarkObjects: 2.878100 ms  DeleteObjects: 0.020600 ms)

AssetImportParameters requested are different than current active one (requested -> active):
  custom:framework-win-MediaFoundation: 216162199b28c13a410421893ffa2e32 -> 
  custom:video-decoder-ogg-theora: a1e56fd34408186e4bbccfd4996cb3dc -> 
  custom:container-muxer-webm: aa71ff27fc2769a1b78a27578f13a17b -> 
  custom:container-demuxer-webm: 4f35f7cbe854078d1ac9338744f61a02 -> 
  custom:container-demuxer-ogg: 62fdf1f143b41e24485cea50d1cbac27 -> 
  custom:video-encoder-webm-vp8: eb34c28f22e8b96e1ab97ce403110664 -> 
  custom:video-codec-MediaFoundation-h265: 746d11721c4dcdbdad8f713fa42b33f4 -> 
  custom:video-decoder-webm-vp8: 9c59270c3fd7afecdb556c50c9e8de78 -> 
  custom:audio-decoder-ogg-vorbis: bf7c407c2cedff20999df2af8eb42d56 -> 
  custom:audio-encoder-webm-vorbis: bf7c407c2cedff20999df2af8eb42d56 -> 
========================================================================
Received Import Request.
  Time since last request: 74.536187 seconds.
  path: Assets/Materials/Atlas.mat
  artifactKey: Guid(10d0bb1b5fe266f4eb06f2028e93908d) Importer(815301076,1909f56bfc062723c751e8b465ee728b)
Start importing Assets/Materials/Atlas.mat using Guid(10d0bb1b5fe266f4eb06f2028e93908d) Importer(815301076,1909f56bfc062723c751e8b465ee728b)  -> (artifact id: '99053c6524856af262874f1e09c68ed0') in 0.074498 seconds 
  Import took 0.077264 seconds .

========================================================================
Received Import Request.
  Time since last request: 0.000659 seconds.
  path: Assets/Materials/Atlas.mat
  artifactKey: Guid(10d0bb1b5fe266f4eb06f2028e93908d) Importer(815301076,1909f56bfc062723c751e8b465ee728b)
Start importing Assets/Materials/Atlas.mat using Guid(10d0bb1b5fe266f4eb06f2028e93908d) Importer(815301076,1909f56bfc062723c751e8b465ee728b)  -> (artifact id: '99053c6524856af262874f1e09c68ed0') in 0.017956 seconds 
  Import took 0.020299 seconds .

========================================================================
Received Prepare
Registering precompiled user dll's ...
Registered in 0.001677 seconds.
Begin MonoManager ReloadAssembly
Native extension for WindowsStandalone target not found
Native extension for WebGL target not found
Refreshing native plugins compatible for Editor in 0.36 ms, found 2 plugins.
Preloading 0 native plugins for Editor in 0.00 ms.
Mono: successfully reloaded assembly
- Completed reload, in  1.001 seconds
Domain Reload Profiling:
	ReloadAssembly (1001ms)
		BeginReloadAssembly (115ms)
			ExecutionOrderSort (0ms)
			DisableScriptedObjects (4ms)
			BackupInstance (0ms)
			ReleaseScriptingObjects (0ms)
			CreateAndSetChildDomain (34ms)
		EndReloadAssembly (825ms)
			LoadAssemblies (86ms)
			RebuildTransferFunctionScriptingTraits (0ms)
			SetupTypeCache (300ms)
			ReleaseScriptCaches (1ms)
			RebuildScriptCaches (40ms)
			SetupLoadedEditorAssemblies (297ms)
				LogAssemblyErrors (0ms)
				InitializePlatformSupportModulesInManaged (11ms)
				SetLoadedEditorAssemblies (1ms)
				RefreshPlugins (0ms)
				BeforeProcessingInitializeOnLoad (73ms)
				ProcessInitializeOnLoadAttributes (205ms)
				ProcessInitializeOnLoadMethodAttributes (4ms)
				AfterProcessingInitializeOnLoad (2ms)
				EditorAssembliesLoaded (0ms)
			ExecutionOrderSort2 (0ms)
			AwakeInstancesAfterBackupRestoration (7ms)
Platform modules already initialized, skipping
Refreshing native plugins compatible for Editor in 0.36 ms, found 2 plugins.
Preloading 0 native plugins for Editor in 0.00 ms.
Unloading 1393 Unused Serialized files (Serialized files now loaded: 0)
System memory in use before: 81.3 MB.
System memory in use after: 81.4 MB.

Unloading 11 unused Assets to reduce memory usage. Loaded Objects now: 1918.
Total: 3.554800 ms (FindLiveObjects: 0.227100 ms CreateObjectMapping: 0.033900 ms MarkObjects: 3.267800 ms  DeleteObjects: 0.023800 ms)

AssetImportParameters requested are different than current active one (requested -> active):
  custom:framework-win-MediaFoundation: 216162199b28c13a410421893ffa2e32 -> 
  custom:video-decoder-ogg-theora: a1e56fd34408186e4bbccfd4996cb3dc -> 
  custom:container-muxer-webm: aa71ff27fc2769a1b78a27578f13a17b -> 
  custom:container-demuxer-webm: 4f35f7cbe854078d1ac9338744f61a02 -> 
  custom:container-demuxer-ogg: 62fdf1f143b41e24485cea50d1cbac27 -> 
  custom:video-encoder-webm-vp8: eb34c28f22e8b96e1ab97ce403110664 -> 
  custom:video-codec-MediaFoundation-h265: 746d11721c4dcdbdad8f713fa42b33f4 -> 
  custom:video-decoder-webm-vp8: 9c59270c3fd7afecdb556c50c9e8de78 -> 
  custom:audio-decoder-ogg-vorbis: bf7c407c2cedff20999df2af8eb42d56 -> 
  custom:audio-encoder-webm-vorbis: bf7c407c2cedff20999df2af8eb42d56 -> 
